DEBUG:root:Enter 1 to search by service indication 
DEBUG:root:Enter 2 to search by mobile number 
DEBUG:root:Enter 3 to enter the batch size
DEBUG:root:

DEBUG:root:

DEBUG:root:Enter 1 to search by service indication 
DEBUG:root:Enter 2 to search by mobile number 
DEBUG:root:Enter 3 to enter the batch size
DEBUG:root:['11234567890', 'DELETE', 'VM_SUBPROFILE', '20200416225407219+0530', 'SUCCESS']
DEBUG:root:['11234567893', 'ADD', 'VM_SUBPROFILE', '20200416225344954+0530', 'SUCCESS']
DEBUG:root:['11234567894', 'DELETE', 'VM_SUBPROFILE', '20200416225407219+0530', 'SUCCESS']
DEBUG:root:['11234567895', 'ADD', 'VM_SUBPROFILE', '20200416225344954+0530', 'SUCCESS']
DEBUG:root:['11234567897', 'DELETE', 'VM_SUBPROFILE', '20200416225407219+0530', 'SUCCESS']
DEBUG:root:Enter 1 to search by service indication 
DEBUG:root:Enter 2 to search by mobile number 
DEBUG:root:Enter 3 to enter the batch size
DEBUG:root:['11234567890', 'DELETE', 'SMS_SUBPROFILE', '20200416225407219+0530', 'SUCCESS']
DEBUG:root:['11234567893', 'ADD', 'SMS_SUBPROFILE', '20200416225344954+0530', 'SUCCESS']
DEBUG:root:['11234567894', 'DELETE', 'SMS_SUBPROFILE', '20200416225407219+0530', 'SUCCESS']
DEBUG:root:Enter 1 to search by service indication 
DEBUG:root:Enter 2 to search by mobile number 
DEBUG:root:Enter 3 to enter the batch size
DEBUG:root:

DEBUG:root:

